2022-03-27 00:00:14,200 TRACE AbstractAuthenticationProcessingFilter:263 - [] Did not match request to Ant [pattern='/login', POST]
2022-03-27 00:00:14,242 TRACE AbstractAuthenticationProcessingFilter:263 - [] Did not match request to Ant [pattern='/login', POST]
2022-03-27 00:00:16,219 TRACE AbstractAuthenticationProcessingFilter:263 - [] Did not match request to Ant [pattern='/login', POST]
2022-03-27 00:00:16,222 TRACE AbstractAuthenticationProcessingFilter:263 - [] Did not match request to Ant [pattern='/login', POST]
2022-03-27 00:00:52,427 INFO  StartupInfoLogger:55 - [] Starting EmployeeManagementApplication using Java 16.0.1 on LAPTOP-2TNCCDOI with PID 10504 (E:\Projects\Blue'OseTechWorld\Employee-Management\target\classes started by Saran_kumar in E:\Projects\Blue'OseTechWorld\Employee-Management)
2022-03-27 00:00:52,429 DEBUG StartupInfoLogger:56 - [] Running with Spring Boot v2.6.2, Spring v5.3.14
2022-03-27 00:00:52,430 INFO  SpringApplication:635 - [] No active profile set, falling back to default profiles: default
2022-03-27 00:00:55,029 INFO  StartupInfoLogger:61 - [] Started EmployeeManagementApplication in 2.681 seconds (JVM running for 379.507)
2022-03-27 00:01:09,009 TRACE AbstractAuthenticationProcessingFilter:263 - [] Did not match request to Ant [pattern='/login', POST]
2022-03-27 00:01:09,021 TRACE AbstractAuthenticationProcessingFilter:263 - [] Did not match request to Ant [pattern='/login', POST]
2022-03-27 00:01:10,739 TRACE AbstractAuthenticationProcessingFilter:263 - [] Did not match request to Ant [pattern='/login', POST]
2022-03-27 00:01:10,744 TRACE AbstractAuthenticationProcessingFilter:263 - [] Did not match request to Ant [pattern='/login', POST]
2022-03-27 00:02:09,865 TRACE AbstractAuthenticationProcessingFilter:263 - [] Did not match request to Ant [pattern='/login', POST]
2022-03-27 00:02:09,872 TRACE AbstractAuthenticationProcessingFilter:263 - [] Did not match request to Ant [pattern='/login', POST]
2022-03-27 08:56:39,324 INFO  StartupInfoLogger:55 - [] Starting EmployeeManagementApplication using Java 16.0.1 on LAPTOP-2TNCCDOI with PID 10504 (E:\Projects\Blue'OseTechWorld\Employee-Management\target\classes started by Saran_kumar in E:\Projects\Blue'OseTechWorld\Employee-Management)
2022-03-27 08:56:39,325 DEBUG StartupInfoLogger:56 - [] Running with Spring Boot v2.6.2, Spring v5.3.14
2022-03-27 08:56:39,326 INFO  SpringApplication:635 - [] No active profile set, falling back to default profiles: default
2022-03-27 08:56:42,261 INFO  StartupInfoLogger:61 - [] Started EmployeeManagementApplication in 3.028 seconds (JVM running for 32526.749)
2022-03-27 08:57:01,203 INFO  StartupInfoLogger:55 - [] Starting EmployeeManagementApplication using Java 16.0.1 on LAPTOP-2TNCCDOI with PID 10504 (E:\Projects\Blue'OseTechWorld\Employee-Management\target\classes started by Saran_kumar in E:\Projects\Blue'OseTechWorld\Employee-Management)
2022-03-27 08:57:01,205 DEBUG StartupInfoLogger:56 - [] Running with Spring Boot v2.6.2, Spring v5.3.14
2022-03-27 08:57:01,205 INFO  SpringApplication:635 - [] No active profile set, falling back to default profiles: default
2022-03-27 08:57:03,168 INFO  StartupInfoLogger:61 - [] Started EmployeeManagementApplication in 1.99 seconds (JVM running for 32547.656)
2022-03-27 08:57:04,706 INFO  StartupInfoLogger:55 - [] Starting EmployeeManagementApplication using Java 16.0.1 on LAPTOP-2TNCCDOI with PID 10504 (E:\Projects\Blue'OseTechWorld\Employee-Management\target\classes started by Saran_kumar in E:\Projects\Blue'OseTechWorld\Employee-Management)
2022-03-27 08:57:04,707 DEBUG StartupInfoLogger:56 - [] Running with Spring Boot v2.6.2, Spring v5.3.14
2022-03-27 08:57:04,707 INFO  SpringApplication:635 - [] No active profile set, falling back to default profiles: default
2022-03-27 08:57:05,666 INFO  StartupInfoLogger:61 - [] Started EmployeeManagementApplication in 0.979 seconds (JVM running for 32550.155)
2022-03-27 08:57:19,975 TRACE AbstractAuthenticationProcessingFilter:263 - [] Did not match request to Ant [pattern='/login', POST]
2022-03-27 08:57:21,577 TRACE AbstractAuthenticationProcessingFilter:263 - [] Did not match request to Ant [pattern='/login', POST]
2022-03-27 08:57:21,577 TRACE AbstractAuthenticationProcessingFilter:263 - [] Did not match request to Ant [pattern='/login', POST]
2022-03-27 08:57:25,031 TRACE AbstractAuthenticationProcessingFilter:263 - [] Did not match request to Ant [pattern='/login', POST]
2022-03-27 08:57:25,040 TRACE AbstractAuthenticationProcessingFilter:263 - [] Did not match request to Ant [pattern='/login', POST]
2022-03-27 08:57:26,645 TRACE AbstractAuthenticationProcessingFilter:263 - [] Did not match request to Ant [pattern='/login', POST]
2022-03-27 08:57:26,646 TRACE AbstractAuthenticationProcessingFilter:263 - [] Did not match request to Ant [pattern='/login', POST]
2022-03-27 08:58:08,936 INFO  StartupInfoLogger:55 - [] Starting EmployeeManagementApplication using Java 16.0.1 on LAPTOP-2TNCCDOI with PID 10504 (E:\Projects\Blue'OseTechWorld\Employee-Management\target\classes started by Saran_kumar in E:\Projects\Blue'OseTechWorld\Employee-Management)
2022-03-27 08:58:08,937 DEBUG StartupInfoLogger:56 - [] Running with Spring Boot v2.6.2, Spring v5.3.14
2022-03-27 08:58:08,938 INFO  SpringApplication:635 - [] No active profile set, falling back to default profiles: default
2022-03-27 08:58:10,072 INFO  StartupInfoLogger:61 - [] Started EmployeeManagementApplication in 1.171 seconds (JVM running for 32614.569)
2022-03-27 08:58:23,323 TRACE AbstractAuthenticationProcessingFilter:263 - [] Did not match request to Ant [pattern='/login', POST]
2022-03-27 08:59:24,386 INFO  StartupInfoLogger:55 - [] Starting EmployeeManagementApplication using Java 16.0.1 on LAPTOP-2TNCCDOI with PID 10504 (E:\Projects\Blue'OseTechWorld\Employee-Management\target\classes started by Saran_kumar in E:\Projects\Blue'OseTechWorld\Employee-Management)
2022-03-27 08:59:24,387 DEBUG StartupInfoLogger:56 - [] Running with Spring Boot v2.6.2, Spring v5.3.14
2022-03-27 08:59:24,387 INFO  SpringApplication:635 - [] No active profile set, falling back to default profiles: default
2022-03-27 08:59:25,640 INFO  StartupInfoLogger:61 - [] Started EmployeeManagementApplication in 1.292 seconds (JVM running for 32690.142)
2022-03-27 08:59:30,363 TRACE AbstractAuthenticationProcessingFilter:263 - [] Did not match request to Ant [pattern='/login', POST]
2022-03-27 09:00:53,528 TRACE AbstractAuthenticationProcessingFilter:263 - [] Did not match request to Ant [pattern='/login', POST]
2022-03-27 09:07:02,097 INFO  StartupInfoLogger:55 - [] Starting EmployeeManagementApplication using Java 16.0.1 on LAPTOP-2TNCCDOI with PID 8984 (E:\Projects\Blue'OseTechWorld\Employee-Management\target\classes started by Saran_kumar in E:\Projects\Blue'OseTechWorld\Employee-Management)
2022-03-27 09:07:02,101 DEBUG StartupInfoLogger:56 - [] Running with Spring Boot v2.6.2, Spring v5.3.14
2022-03-27 09:07:02,101 INFO  SpringApplication:635 - [] No active profile set, falling back to default profiles: default
2022-03-27 09:07:06,612 INFO  StartupInfoLogger:61 - [] Started EmployeeManagementApplication in 4.798 seconds (JVM running for 5.284)
2022-03-27 09:07:15,318 TRACE AbstractAuthenticationProcessingFilter:263 - [] Did not match request to Ant [pattern='/login', POST]
2022-03-27 09:07:16,922 TRACE AbstractAuthenticationProcessingFilter:263 - [] Did not match request to Ant [pattern='/login', POST]
2022-03-27 09:07:20,761 TRACE AbstractAuthenticationProcessingFilter:263 - [] Did not match request to Ant [pattern='/login', POST]
